execve("./main", ["./main"], 0x7ffc7e89e070 /* 21 vars */) = 0
brk(NULL)                               = 0x564d6fcb4000
arch_prctl(0x3001 /* ARCH_??? */, 0x7ffcb71dbdf0) = -1 EINVAL (Invalid argument)
access("/etc/ld.so.preload", R_OK)      = -1 ENOENT (No such file or directory)
openat(AT_FDCWD, "/etc/ld.so.cache", O_RDONLY|O_CLOEXEC) = 3
fstat(3, {st_mode=S_IFREG|0644, st_size=71708, ...}) = 0
mmap(NULL, 71708, PROT_READ, MAP_PRIVATE, 3, 0) = 0x7f08f4576000
close(3)                                = 0
openat(AT_FDCWD, "/lib/x86_64-linux-gnu/libdl.so.2", O_RDONLY|O_CLOEXEC) = 3
read(3, "\177ELF\2\1\1\0\0\0\0\0\0\0\0\0\3\0>\0\1\0\0\0 \22\0\0\0\0\0\0"..., 832) = 832
fstat(3, {st_mode=S_IFREG|0644, st_size=18816, ...}) = 0
mmap(NULL, 8192, PROT_READ|PROT_WRITE, MAP_PRIVATE|MAP_ANONYMOUS, -1, 0) = 0x7f08f4574000
mmap(NULL, 20752, PROT_READ, MAP_PRIVATE|MAP_DENYWRITE, 3, 0) = 0x7f08f456e000
mmap(0x7f08f456f000, 8192, PROT_READ|PROT_EXEC, MAP_PRIVATE|MAP_FIXED|MAP_DENYWRITE, 3, 0x1000) = 0x7f08f456f000
mmap(0x7f08f4571000, 4096, PROT_READ, MAP_PRIVATE|MAP_FIXED|MAP_DENYWRITE, 3, 0x3000) = 0x7f08f4571000
mmap(0x7f08f4572000, 8192, PROT_READ|PROT_WRITE, MAP_PRIVATE|MAP_FIXED|MAP_DENYWRITE, 3, 0x3000) = 0x7f08f4572000
close(3)                                = 0
openat(AT_FDCWD, "/lib/x86_64-linux-gnu/libc.so.6", O_RDONLY|O_CLOEXEC) = 3
read(3, "\177ELF\2\1\1\3\0\0\0\0\0\0\0\0\3\0>\0\1\0\0\0\360q\2\0\0\0\0\0"..., 832) = 832
pread64(3, "\6\0\0\0\4\0\0\0@\0\0\0\0\0\0\0@\0\0\0\0\0\0\0@\0\0\0\0\0\0\0"..., 784, 64) = 784
pread64(3, "\4\0\0\0\20\0\0\0\5\0\0\0GNU\0\2\0\0\300\4\0\0\0\3\0\0\0\0\0\0\0", 32, 848) = 32
pread64(3, "\4\0\0\0\24\0\0\0\3\0\0\0GNU\0\363\377?\332\200\270\27\304d\245n\355Y\377\t\334"..., 68, 880) = 68
fstat(3, {st_mode=S_IFREG|0755, st_size=2029224, ...}) = 0
pread64(3, "\6\0\0\0\4\0\0\0@\0\0\0\0\0\0\0@\0\0\0\0\0\0\0@\0\0\0\0\0\0\0"..., 784, 64) = 784
pread64(3, "\4\0\0\0\20\0\0\0\5\0\0\0GNU\0\2\0\0\300\4\0\0\0\3\0\0\0\0\0\0\0", 32, 848) = 32
pread64(3, "\4\0\0\0\24\0\0\0\3\0\0\0GNU\0\363\377?\332\200\270\27\304d\245n\355Y\377\t\334"..., 68, 880) = 68
mmap(NULL, 2036952, PROT_READ, MAP_PRIVATE|MAP_DENYWRITE, 3, 0) = 0x7f08f437c000
mprotect(0x7f08f43a1000, 1847296, PROT_NONE) = 0
mmap(0x7f08f43a1000, 1540096, PROT_READ|PROT_EXEC, MAP_PRIVATE|MAP_FIXED|MAP_DENYWRITE, 3, 0x25000) = 0x7f08f43a1000
mmap(0x7f08f4519000, 303104, PROT_READ, MAP_PRIVATE|MAP_FIXED|MAP_DENYWRITE, 3, 0x19d000) = 0x7f08f4519000
mmap(0x7f08f4564000, 24576, PROT_READ|PROT_WRITE, MAP_PRIVATE|MAP_FIXED|MAP_DENYWRITE, 3, 0x1e7000) = 0x7f08f4564000
mmap(0x7f08f456a000, 13528, PROT_READ|PROT_WRITE, MAP_PRIVATE|MAP_FIXED|MAP_ANONYMOUS, -1, 0) = 0x7f08f456a000
close(3)                                = 0
mmap(NULL, 12288, PROT_READ|PROT_WRITE, MAP_PRIVATE|MAP_ANONYMOUS, -1, 0) = 0x7f08f4379000
arch_prctl(ARCH_SET_FS, 0x7f08f4379740) = 0
mprotect(0x7f08f4564000, 12288, PROT_READ) = 0
mprotect(0x7f08f4572000, 4096, PROT_READ) = 0
mprotect(0x564d6f2a5000, 4096, PROT_READ) = 0
mprotect(0x7f08f45b5000, 4096, PROT_READ) = 0
munmap(0x7f08f4576000, 71708)           = 0
brk(NULL)                               = 0x564d6fcb4000
brk(0x564d6fcd5000)                     = 0x564d6fcd5000
openat(AT_FDCWD, "./A.so", O_RDONLY|O_CLOEXEC) = 3
read(3, "\177ELF\2\1\1\0\0\0\0\0\0\0\0\0\3\0>\0\1\0\0\0\200\20\0\0\0\0\0\0"..., 832) = 832
fstat(3, {st_mode=S_IFREG|0775, st_size=16248, ...}) = 0
getcwd("/home/jjy/shared_library/syscalls", 128) = 34
mmap(NULL, 16440, PROT_READ, MAP_PRIVATE|MAP_DENYWRITE, 3, 0) = 0x7f08f4583000
mmap(0x7f08f4584000, 4096, PROT_READ|PROT_EXEC, MAP_PRIVATE|MAP_FIXED|MAP_DENYWRITE, 3, 0x1000) = 0x7f08f4584000
mmap(0x7f08f4585000, 4096, PROT_READ, MAP_PRIVATE|MAP_FIXED|MAP_DENYWRITE, 3, 0x2000) = 0x7f08f4585000
mmap(0x7f08f4586000, 8192, PROT_READ|PROT_WRITE, MAP_PRIVATE|MAP_FIXED|MAP_DENYWRITE, 3, 0x2000) = 0x7f08f4586000
close(3)                                = 0
mprotect(0x7f08f4586000, 4096, PROT_READ) = 0
mkdir("AAAAAA", 0755)                   = 0
rt_sigaction(SIGINT, {sa_handler=SIG_IGN, sa_mask=[], sa_flags=SA_RESTORER, sa_restorer=0x7f08f43c2210}, {sa_handler=SIG_DFL, sa_mask=[], sa_flags=0}, 8) = 0
rt_sigaction(SIGQUIT, {sa_handler=SIG_IGN, sa_mask=[], sa_flags=SA_RESTORER, sa_restorer=0x7f08f43c2210}, {sa_handler=SIG_DFL, sa_mask=[], sa_flags=0}, 8) = 0
rt_sigprocmask(SIG_BLOCK, [CHLD], [], 8) = 0
mmap(NULL, 36864, PROT_READ|PROT_WRITE, MAP_PRIVATE|MAP_ANONYMOUS|MAP_STACK, -1, 0) = 0x7f08f457a000
rt_sigprocmask(SIG_BLOCK, ~[], [CHLD], 8) = 0
clone(child_stack=0x7f08f4582ff0, flags=CLONE_VM|CLONE_VFORK|SIGCHLD) = 8967
munmap(0x7f08f457a000, 36864)           = 0
rt_sigprocmask(SIG_SETMASK, [CHLD], NULL, 8) = 0
wait4(8967, [{WIFEXITED(s) && WEXITSTATUS(s) == 32}], 0, NULL) = 8967
rt_sigaction(SIGINT, {sa_handler=SIG_DFL, sa_mask=[], sa_flags=SA_RESTORER, sa_restorer=0x7f08f43c2210}, NULL, 8) = 0
rt_sigaction(SIGQUIT, {sa_handler=SIG_DFL, sa_mask=[], sa_flags=SA_RESTORER, sa_restorer=0x7f08f43c2210}, NULL, 8) = 0
rt_sigprocmask(SIG_SETMASK, [], NULL, 8) = 0
--- SIGCHLD {si_signo=SIGCHLD, si_code=CLD_EXITED, si_pid=8967, si_uid=0, si_status=32, si_utime=0, si_stime=0} ---
fstat(1, {st_mode=S_IFCHR|0620, st_rdev=makedev(0x88, 0x3), ...}) = 0
write(1, "Success\n", 8)                = 8
exit_group(0)                           = ?
+++ exited with 0 +++
